<?xml version="1.0" encoding="UTF-8"?>
<!-- Generated by org.testng.reporters.JUnitReportReporter -->
<testsuite hostname="Vishnu" failures="0" tests="1" name="testClasses.PurcheasesPagetestClass" time="15.274" errors="0" timestamp="2025-07-30T18:27:53 IST" skipped="0">
  <testcase classname="testClasses.PurcheasesPagetestClass" name="verifythementionedItemIsDeletedFromTHEtABLE" time="15.274"/>
</testsuite> <!-- testClasses.PurcheasesPagetestClass -->
