<?xml version="1.0" encoding="UTF-8"?>
<!-- Generated by org.testng.reporters.JUnitReportReporter -->
<testsuite hostname="Vishnu" failures="1" tests="12" name="testClasses.LoginPagetestClass" time="426.258" errors="0" timestamp="2025-08-05T21:36:11 IST" skipped="3">
  <testcase classname="testClasses.LoginPagetestClass" name="verifySuccessfullLogin" time="362.727">
    <skipped/>
  </testcase> <!-- verifySuccessfullLogin -->
  <testcase classname="testClasses.LoginPagetestClass" name="verifyunSuccessfullLogin" time="9.904"/>
  <testcase classname="testClasses.LoginPagetestClass" name="verifyInvalidlLogin" time="4.502"/>
  <testcase classname="testClasses.LoginPagetestClass" name="verify_the_Remebrmecheckboxischeckedby_Default" time="5.790"/>
  <testcase classname="testClasses.LoginPagetestClass" name="verifyCorrectApplicationisloadingwhileHitting_the_URL" time="2.739"/>
  <testcase classname="testClasses.LoginPagetestClass" name="verfyUsernameTextboxshowinghintornot" time="3.993"/>
  <testcase classname="testClasses.LoginPagetestClass" name="verifySuccessfullLogin" time="8.341">
    <failure message="expected [true] but found [false]" type="java.lang.AssertionError">
      <![CDATA[java.lang.AssertionError: expected [true] but found [false]
at org.testng.Assert.fail(Assert.java:111)
at org.testng.Assert.failNotEquals(Assert.java:1590)
at org.testng.Assert.assertTrue(Assert.java:57)
at org.testng.Assert.assertTrue(Assert.java:67)
at testClasses.LoginPagetestClass.verifySuccessfullLogin(LoginPagetestClass.java:26)
at java.base/jdk.internal.reflect.DirectMethodHandleAccessor.invoke(DirectMethodHandleAccessor.java:103)
at java.base/java.lang.reflect.Method.invoke(Method.java:580)
at org.testng.internal.invokers.MethodInvocationHelper.invokeMethod(MethodInvocationHelper.java:141)
at org.testng.internal.invokers.TestInvoker.invokeMethod(TestInvoker.java:687)
at org.testng.internal.invokers.TestInvoker.retryFailed(TestInvoker.java:269)
at org.testng.internal.invokers.MethodRunner.runInSequence(MethodRunner.java:76)
at org.testng.internal.invokers.TestInvoker$MethodInvocationAgent.invoke(TestInvoker.java:995)
at org.testng.internal.invokers.TestInvoker.invokeTestMethods(TestInvoker.java:203)
at org.testng.internal.invokers.TestMethodWorker.invokeTestMethods(TestMethodWorker.java:154)
at org.testng.internal.invokers.TestMethodWorker.run(TestMethodWorker.java:134)
at java.base/java.util.ArrayList.forEach(ArrayList.java:1596)
at org.testng.TestRunner.privateRun(TestRunner.java:741)
at org.testng.TestRunner.run(TestRunner.java:616)
at org.testng.SuiteRunner.runTest(SuiteRunner.java:421)
at org.testng.SuiteRunner.runSequentially(SuiteRunner.java:413)
at org.testng.SuiteRunner.privateRun(SuiteRunner.java:373)
at org.testng.SuiteRunner.run(SuiteRunner.java:312)
at org.testng.SuiteRunnerWorker.runSuite(SuiteRunnerWorker.java:52)
at org.testng.SuiteRunnerWorker.run(SuiteRunnerWorker.java:95)
at org.testng.TestNG.runSuitesSequentially(TestNG.java:1274)
at org.testng.TestNG.runSuitesLocally(TestNG.java:1208)
at org.testng.TestNG.runSuites(TestNG.java:1112)
at org.testng.TestNG.run(TestNG.java:1079)
at org.testng.remote.AbstractRemoteTestNG.run(AbstractRemoteTestNG.java:115)
at org.testng.remote.RemoteTestNG.initAndRun(RemoteTestNG.java:293)
at org.testng.remote.RemoteTestNG.main(RemoteTestNG.java:91)
]]>
    </failure>
  </testcase> <!-- verifySuccessfullLogin -->
  <testcase classname="testClasses.LoginPagetestClass" name="verify_resetPageIsDisplayedWhenClickingForgotPassword" time="2.834"/>
  <testcase classname="testClasses.LoginPagetestClass" name="verifySuccessfullLogin" time="7.418">
    <skipped/>
  </testcase> <!-- verifySuccessfullLogin -->
  <testcase classname="testClasses.LoginPagetestClass" name="verifySuccessfullLogin" time="7.030">
    <skipped/>
  </testcase> <!-- verifySuccessfullLogin -->
  <testcase classname="testClasses.LoginPagetestClass" name="verifyInvalidlLogin" time="6.146"/>
  <testcase classname="testClasses.LoginPagetestClass" name="verifyInvalidlLogin" time="4.834"/>
</testsuite> <!-- testClasses.LoginPagetestClass -->
