<?xml version="1.0" encoding="UTF-8"?>
<!-- Generated by org.testng.reporters.JUnitReportReporter -->
<testsuite hostname="Vishnu" failures="0" tests="1" name="testClasses.PurcheasesPagetestClass" time="15.189" errors="0" timestamp="2025-07-31T23:56:59 IST" skipped="0">
  <testcase classname="testClasses.PurcheasesPagetestClass" name="verifythementionedItemIsDeletedFromTHEtABLE" time="15.189"/>
</testsuite> <!-- testClasses.PurcheasesPagetestClass -->
