<?xml version="1.0" encoding="UTF-8"?>
<!-- Generated by org.testng.reporters.JUnitReportReporter -->
<testsuite hostname="Vishnu" failures="0" tests="1" name="testClasses.HomepagetestClass" time="12.531" errors="0" timestamp="2025-07-27T22:23:51 IST" skipped="0">
  <testcase classname="testClasses.HomepagetestClass" name="voidverify_the_Current_date" time="12.531"/>
</testsuite> <!-- testClasses.HomepagetestClass -->
