<?xml version="1.0" encoding="UTF-8"?>
<!-- Generated by org.testng.reporters.JUnitReportReporter -->
<testsuite hostname="Vishnu" failures="0" tests="1" name="testClasses.PurcheasesPagetestClass" time="19.757" errors="0" timestamp="2025-08-03T16:26:36 IST" skipped="0">
  <testcase classname="testClasses.PurcheasesPagetestClass" name="verifythementionedItemIsDeletedFromTHEtABLE" time="19.757"/>
</testsuite> <!-- testClasses.PurcheasesPagetestClass -->
