<?xml version="1.0" encoding="UTF-8"?>
<!-- Generated by org.testng.reporters.JUnitReportReporter -->
<testsuite hostname="Vishnu" failures="0" tests="1" name="testClasses.LoginPagetestClass" time="19.357" errors="0" timestamp="2025-07-25T00:37:10 IST" skipped="0">
  <testcase classname="testClasses.LoginPagetestClass" name="resetPageIsDisplayedWhenClickingForgotPassword" time="19.357"/>
</testsuite> <!-- testClasses.LoginPagetestClass -->
