<?xml version="1.0" encoding="UTF-8"?>
<!-- Generated by org.testng.reporters.JUnitReportReporter -->
<testsuite hostname="Vishnu" failures="0" tests="1" name="testClasses.BookingttestClass" time="9.835" errors="0" timestamp="2025-07-28T00:10:05 IST" skipped="0">
  <testcase classname="testClasses.BookingttestClass" name="verifyThe_booking_Process" time="9.835"/>
</testsuite> <!-- testClasses.BookingttestClass -->
