<?xml version="1.0" encoding="UTF-8"?>
<!-- Generated by org.testng.reporters.JUnitReportReporter -->
<testsuite hostname="Vishnu" failures="0" tests="3" name="testClasses.LoginPagetestClass" time="25.856" errors="0" timestamp="2025-07-30T16:31:57 IST" skipped="0">
  <testcase classname="testClasses.LoginPagetestClass" name="verifyInvalidlLogin" time="5.573"/>
  <testcase classname="testClasses.LoginPagetestClass" name="verifyInvalidlLogin" time="5.779"/>
  <testcase classname="testClasses.LoginPagetestClass" name="verifyInvalidlLogin" time="14.504"/>
</testsuite> <!-- testClasses.LoginPagetestClass -->
