<?xml version="1.0" encoding="UTF-8"?>
<!-- Generated by org.testng.reporters.JUnitReportReporter -->
<testsuite hostname="Vishnu" failures="0" tests="8" name="testClasses.BookingttestClass" time="63.366" errors="2" timestamp="2025-08-03T01:06:21 IST" skipped="6">
  <testcase classname="testClasses.BookingttestClass" name="verifythemodalisOpening" time="8.873">
    <skipped/>
  </testcase> <!-- verifythemodalisOpening -->
  <testcase classname="testClasses.BookingttestClass" name="verifyCustomerHeadingIsPresentInTable" time="7.359">
    <skipped/>
  </testcase> <!-- verifyCustomerHeadingIsPresentInTable -->
  <testcase classname="testClasses.BookingttestClass" name="verifyCustomerHeadingIsPresentInTable" time="8.855">
    <error message="Cannot invoke &quot;org.apache.poi.xssf.usermodel.XSSFCell.getStringCellValue()&quot; because &quot;c&quot; is null" type="java.lang.NullPointerException">
      <![CDATA[java.lang.NullPointerException: Cannot invoke "org.apache.poi.xssf.usermodel.XSSFCell.getStringCellValue()" because "c" is null
at utilities.ExcelReadUtility.getStringData(ExcelReadUtility.java:26)
at testClasses.BookingttestClass.verifyCustomerHeadingIsPresentInTable(BookingttestClass.java:26)
at java.base/jdk.internal.reflect.DirectMethodHandleAccessor.invoke(DirectMethodHandleAccessor.java:103)
at java.base/java.lang.reflect.Method.invoke(Method.java:580)
at org.testng.internal.invokers.MethodInvocationHelper.invokeMethod(MethodInvocationHelper.java:141)
at org.testng.internal.invokers.TestInvoker.invokeMethod(TestInvoker.java:687)
at org.testng.internal.invokers.TestInvoker.retryFailed(TestInvoker.java:269)
at org.testng.internal.invokers.MethodRunner.runInSequence(MethodRunner.java:76)
at org.testng.internal.invokers.TestInvoker$MethodInvocationAgent.invoke(TestInvoker.java:995)
at org.testng.internal.invokers.TestInvoker.invokeTestMethods(TestInvoker.java:203)
at org.testng.internal.invokers.TestMethodWorker.invokeTestMethods(TestMethodWorker.java:154)
at org.testng.internal.invokers.TestMethodWorker.run(TestMethodWorker.java:134)
at java.base/java.util.ArrayList.forEach(ArrayList.java:1596)
at org.testng.TestRunner.privateRun(TestRunner.java:741)
at org.testng.TestRunner.run(TestRunner.java:616)
at org.testng.SuiteRunner.runTest(SuiteRunner.java:421)
at org.testng.SuiteRunner.runSequentially(SuiteRunner.java:413)
at org.testng.SuiteRunner.privateRun(SuiteRunner.java:373)
at org.testng.SuiteRunner.run(SuiteRunner.java:312)
at org.testng.SuiteRunnerWorker.runSuite(SuiteRunnerWorker.java:52)
at org.testng.SuiteRunnerWorker.run(SuiteRunnerWorker.java:95)
at org.testng.TestNG.runSuitesSequentially(TestNG.java:1274)
at org.testng.TestNG.runSuitesLocally(TestNG.java:1208)
at org.testng.TestNG.runSuites(TestNG.java:1112)
at org.testng.TestNG.run(TestNG.java:1079)
at org.testng.remote.AbstractRemoteTestNG.run(AbstractRemoteTestNG.java:115)
at org.testng.remote.RemoteTestNG.initAndRun(RemoteTestNG.java:293)
at org.testng.remote.RemoteTestNG.main(RemoteTestNG.java:91)
]]>
    </error>
  </testcase> <!-- verifyCustomerHeadingIsPresentInTable -->
  <testcase classname="testClasses.BookingttestClass" name="verifythemodalisOpening" time="7.441">
    <skipped/>
  </testcase> <!-- verifythemodalisOpening -->
  <testcase classname="testClasses.BookingttestClass" name="verifyCustomerHeadingIsPresentInTable" time="7.670">
    <skipped/>
  </testcase> <!-- verifyCustomerHeadingIsPresentInTable -->
  <testcase classname="testClasses.BookingttestClass" name="verifythemodalisOpening" time="7.426">
    <error message="Cannot invoke &quot;org.apache.poi.xssf.usermodel.XSSFCell.getNumericCellValue()&quot; because &quot;c&quot; is null" type="java.lang.NullPointerException">
      <![CDATA[java.lang.NullPointerException: Cannot invoke "org.apache.poi.xssf.usermodel.XSSFCell.getNumericCellValue()" because "c" is null
at utilities.ExcelReadUtility.getIntegerData(ExcelReadUtility.java:35)
at testClasses.BookingttestClass.verifythemodalisOpening(BookingttestClass.java:39)
at java.base/jdk.internal.reflect.DirectMethodHandleAccessor.invoke(DirectMethodHandleAccessor.java:103)
at java.base/java.lang.reflect.Method.invoke(Method.java:580)
at org.testng.internal.invokers.MethodInvocationHelper.invokeMethod(MethodInvocationHelper.java:141)
at org.testng.internal.invokers.TestInvoker.invokeMethod(TestInvoker.java:687)
at org.testng.internal.invokers.TestInvoker.retryFailed(TestInvoker.java:269)
at org.testng.internal.invokers.MethodRunner.runInSequence(MethodRunner.java:76)
at org.testng.internal.invokers.TestInvoker$MethodInvocationAgent.invoke(TestInvoker.java:995)
at org.testng.internal.invokers.TestInvoker.invokeTestMethods(TestInvoker.java:203)
at org.testng.internal.invokers.TestMethodWorker.invokeTestMethods(TestMethodWorker.java:154)
at org.testng.internal.invokers.TestMethodWorker.run(TestMethodWorker.java:134)
at java.base/java.util.ArrayList.forEach(ArrayList.java:1596)
at org.testng.TestRunner.privateRun(TestRunner.java:741)
at org.testng.TestRunner.run(TestRunner.java:616)
at org.testng.SuiteRunner.runTest(SuiteRunner.java:421)
at org.testng.SuiteRunner.runSequentially(SuiteRunner.java:413)
at org.testng.SuiteRunner.privateRun(SuiteRunner.java:373)
at org.testng.SuiteRunner.run(SuiteRunner.java:312)
at org.testng.SuiteRunnerWorker.runSuite(SuiteRunnerWorker.java:52)
at org.testng.SuiteRunnerWorker.run(SuiteRunnerWorker.java:95)
at org.testng.TestNG.runSuitesSequentially(TestNG.java:1274)
at org.testng.TestNG.runSuitesLocally(TestNG.java:1208)
at org.testng.TestNG.runSuites(TestNG.java:1112)
at org.testng.TestNG.run(TestNG.java:1079)
at org.testng.remote.AbstractRemoteTestNG.run(AbstractRemoteTestNG.java:115)
at org.testng.remote.RemoteTestNG.initAndRun(RemoteTestNG.java:293)
at org.testng.remote.RemoteTestNG.main(RemoteTestNG.java:91)
]]>
    </error>
  </testcase> <!-- verifythemodalisOpening -->
  <testcase classname="testClasses.BookingttestClass" name="verifythemodalisOpening" time="7.741">
    <skipped/>
  </testcase> <!-- verifythemodalisOpening -->
  <testcase classname="testClasses.BookingttestClass" name="verifyCustomerHeadingIsPresentInTable" time="8.001">
    <skipped/>
  </testcase> <!-- verifyCustomerHeadingIsPresentInTable -->
</testsuite> <!-- testClasses.BookingttestClass -->
